<?xml version="1.0" encoding="UTF-8"?>
<robot generator="Robot 5.0 (Python 3.9.4 on win32)" generated="20221001 14:01:33.728" rpa="false" schemaversion="3">
<suite id="s1" name="Tests" source="C:\qaninja\vdt2\tests">
<suite id="s1-s1" name="Login" source="C:\qaninja\vdt2\tests\login.robot">
<test id="s1-s1-t1" name="Deve validar o slogan da home page" line="10">
<kw name="Start Test" library="main" type="SETUP">
<kw name="New Browser" library="Browser">
<arg>headless=False</arg>
<arg>browser=${BROWSER}</arg>
<tag>BrowserControl</tag>
<tag>Setter</tag>
<doc>Create a new playwright Browser with specified options.</doc>
<msg timestamp="20221001 14:01:35.280" level="INFO">{"browser": "firefox", "headless": false, "handleSIGINT": true, "handleSIGTERM": true, "handleSIGHUP": true, "timeout": 30000.0, "devtools": false, "slowMo": 0.0, "tracesDir": "C:\\qaninja\\vdt2\\logs\\browser\\traces\\ee02320c-1d23-407a-90b7-d6db8ce1c1d9"}</msg>
<msg timestamp="20221001 14:01:38.618" level="INFO">Successfully created browser with options: {"browser":"firefox","headless":false,"handleSIGINT":true,"handleSIGTERM":true,"handleSIGHUP":true,"timeout":30000,"devtools":false,"slowMo":0,"tracesDir":"C:\\qaninja\\vdt2\\logs\\browser\\traces\\ee02320c-1d23-407a-90b7-d6db8ce1c1d9"}</msg>
<status status="PASS" starttime="20221001 14:01:35.279" endtime="20221001 14:01:38.618"/>
</kw>
<status status="PASS" starttime="20221001 14:01:35.278" endtime="20221001 14:01:38.619"/>
</kw>
<kw name="Go To Login Page" library="login">
<kw name="New Page" library="Browser">
<arg>https://trade-sticker-dev.vercel.app/</arg>
<tag>BrowserControl</tag>
<tag>Setter</tag>
<doc>Open a new Page.</doc>
<msg timestamp="20221001 14:01:41.715" level="INFO">Successfully initialized new page object and opened url: https://trade-sticker-dev.vercel.app/</msg>
<msg timestamp="20221001 14:01:41.715" level="INFO">No context was open. New context was automatically opened when this page is created.</msg>
<status status="PASS" starttime="20221001 14:01:38.629" endtime="20221001 14:01:41.715"/>
</kw>
<status status="PASS" starttime="20221001 14:01:38.628" endtime="20221001 14:01:41.716"/>
</kw>
<kw name="Submit Credentials" library="login">
<arg>papito@gmail.com</arg>
<arg>vaibrasil</arg>
<kw name="Fill Text" library="Browser">
<arg>css=input[name=email]</arg>
<arg>${email}</arg>
<tag>PageContent</tag>
<tag>Setter</tag>
<doc>Clears and fills the given ``txt`` into the text field found by ``selector``.</doc>
<msg timestamp="20221001 14:01:41.719" level="INFO">Fills the text 'papito@gmail.com' in the given field.</msg>
<status status="PASS" starttime="20221001 14:01:41.718" endtime="20221001 14:01:41.857"/>
</kw>
<kw name="Fill Text" library="Browser">
<arg>css=input[name=password]</arg>
<arg>${password}</arg>
<tag>PageContent</tag>
<tag>Setter</tag>
<doc>Clears and fills the given ``txt`` into the text field found by ``selector``.</doc>
<msg timestamp="20221001 14:01:41.858" level="INFO">Fills the text 'vaibrasil' in the given field.</msg>
<status status="PASS" starttime="20221001 14:01:41.857" endtime="20221001 14:01:41.897"/>
</kw>
<kw name="Click" library="Browser">
<arg>css=button &gt;&gt; text=Entrar</arg>
<tag>PageContent</tag>
<tag>Setter</tag>
<doc>Simulates mouse click on the element found by ``selector``.</doc>
<status status="PASS" starttime="20221001 14:01:41.897" endtime="20221001 14:01:42.013"/>
</kw>
<status status="PASS" starttime="20221001 14:01:41.717" endtime="20221001 14:01:42.013"/>
</kw>
<kw name="User Logged In" library="dash">
<kw name="Set Variable" library="BuiltIn">
<var>${header_title}</var>
<arg>Aquela figurinha incrível a um clique de distância.</arg>
<doc>Returns the given values which can then be assigned to a variables.</doc>
<msg timestamp="20221001 14:01:42.015" level="INFO">${header_title} = Aquela figurinha incrível a um clique de distância.</msg>
<status status="PASS" starttime="20221001 14:01:42.015" endtime="20221001 14:01:42.015"/>
</kw>
<kw name="Get Text" library="Browser">
<arg>css=.header-content strong</arg>
<arg>equal</arg>
<arg>${header_title}</arg>
<tag>Assertion</tag>
<tag>Getter</tag>
<tag>PageContent</tag>
<doc>Returns text attribute of the element found by ``selector``.</doc>
<status status="PASS" starttime="20221001 14:01:42.015" endtime="20221001 14:01:42.106"/>
</kw>
<status status="PASS" starttime="20221001 14:01:42.014" endtime="20221001 14:01:42.106"/>
</kw>
<kw name="Finish Test" library="main" type="TEARDOWN">
<kw name="Sleep" library="BuiltIn">
<arg>1</arg>
<doc>Pauses the test executed for the given time.</doc>
<msg timestamp="20221001 14:01:43.111" level="INFO">Slept 1 second</msg>
<status status="PASS" starttime="20221001 14:01:42.109" endtime="20221001 14:01:43.111"/>
</kw>
<kw name="Take Screenshot" library="Browser">
<tag>PageContent</tag>
<doc>Takes a screenshot of the current window or element and saves it to disk.</doc>
<msg timestamp="20221001 14:01:43.431" level="INFO" html="true">&lt;/td&gt;&lt;/tr&gt;&lt;tr&gt;&lt;td colspan="3"&gt;&lt;a href="browser/screenshot/robotframework-browser-screenshot-1.png"&gt;&lt;img src="browser/screenshot/robotframework-browser-screenshot-1.png" width="800px"&gt;&lt;/a&gt;</msg>
<status status="PASS" starttime="20221001 14:01:43.112" endtime="20221001 14:01:43.431"/>
</kw>
<status status="PASS" starttime="20221001 14:01:42.108" endtime="20221001 14:01:43.433"/>
</kw>
<status status="PASS" starttime="20221001 14:01:35.272" endtime="20221001 14:01:43.433"/>
</test>
<test id="s1-s1-t2" name="Não deve logar com senha incorreta" line="15">
<kw name="Start Test" library="main" type="SETUP">
<kw name="New Browser" library="Browser">
<arg>headless=False</arg>
<arg>browser=${BROWSER}</arg>
<tag>BrowserControl</tag>
<tag>Setter</tag>
<doc>Create a new playwright Browser with specified options.</doc>
<msg timestamp="20221001 14:01:43.610" level="INFO">{"browser": "firefox", "headless": false, "handleSIGINT": true, "handleSIGTERM": true, "handleSIGHUP": true, "timeout": 30000.0, "devtools": false, "slowMo": 0.0, "tracesDir": "C:\\qaninja\\vdt2\\logs\\browser\\traces\\a5d39ca8-7d9d-423a-bb5b-8b9acd949458"}</msg>
<msg timestamp="20221001 14:01:47.103" level="INFO">Successfully created browser with options: {"browser":"firefox","headless":false,"handleSIGINT":true,"handleSIGTERM":true,"handleSIGHUP":true,"timeout":30000,"devtools":false,"slowMo":0,"tracesDir":"C:\\qaninja\\vdt2\\logs\\browser\\traces\\a5d39ca8-7d9d-423a-bb5b-8b9acd949458"}</msg>
<status status="PASS" starttime="20221001 14:01:43.609" endtime="20221001 14:01:47.104"/>
</kw>
<status status="PASS" starttime="20221001 14:01:43.608" endtime="20221001 14:01:47.104"/>
</kw>
<kw name="Go To Login Page" library="login">
<kw name="New Page" library="Browser">
<arg>https://trade-sticker-dev.vercel.app/</arg>
<tag>BrowserControl</tag>
<tag>Setter</tag>
<doc>Open a new Page.</doc>
<msg timestamp="20221001 14:01:50.431" level="INFO">Successfully initialized new page object and opened url: https://trade-sticker-dev.vercel.app/</msg>
<msg timestamp="20221001 14:01:50.431" level="INFO">No context was open. New context was automatically opened when this page is created.</msg>
<status status="PASS" starttime="20221001 14:01:47.115" endtime="20221001 14:01:50.435"/>
</kw>
<status status="PASS" starttime="20221001 14:01:47.114" endtime="20221001 14:01:50.436"/>
</kw>
<kw name="Submit Credentials" library="login">
<arg>papito@gmail.com</arg>
<arg>abc123</arg>
<kw name="Fill Text" library="Browser">
<arg>css=input[name=email]</arg>
<arg>${email}</arg>
<tag>PageContent</tag>
<tag>Setter</tag>
<doc>Clears and fills the given ``txt`` into the text field found by ``selector``.</doc>
<msg timestamp="20221001 14:01:50.473" level="INFO">Fills the text 'papito@gmail.com' in the given field.</msg>
<status status="PASS" starttime="20221001 14:01:50.472" endtime="20221001 14:01:50.566"/>
</kw>
<kw name="Fill Text" library="Browser">
<arg>css=input[name=password]</arg>
<arg>${password}</arg>
<tag>PageContent</tag>
<tag>Setter</tag>
<doc>Clears and fills the given ``txt`` into the text field found by ``selector``.</doc>
<msg timestamp="20221001 14:01:50.566" level="INFO">Fills the text 'abc123' in the given field.</msg>
<status status="PASS" starttime="20221001 14:01:50.566" endtime="20221001 14:01:50.606"/>
</kw>
<kw name="Click" library="Browser">
<arg>css=button &gt;&gt; text=Entrar</arg>
<tag>PageContent</tag>
<tag>Setter</tag>
<doc>Simulates mouse click on the element found by ``selector``.</doc>
<status status="PASS" starttime="20221001 14:01:50.606" endtime="20221001 14:01:50.699"/>
</kw>
<status status="PASS" starttime="20221001 14:01:50.469" endtime="20221001 14:01:50.699"/>
</kw>
<kw name="Toast Message Should Be" library="login">
<arg>Credenciais inválidas, tente novamente!</arg>
<kw name="Set Variable" library="BuiltIn">
<var>${locator}</var>
<arg>css=.Toastify__toast-body div &gt;&gt; text=${expected_message}</arg>
<doc>Returns the given values which can then be assigned to a variables.</doc>
<msg timestamp="20221001 14:01:50.701" level="INFO">${locator} = css=.Toastify__toast-body div &gt;&gt; text=Credenciais inválidas, tente novamente!</msg>
<status status="PASS" starttime="20221001 14:01:50.700" endtime="20221001 14:01:50.701"/>
</kw>
<kw name="Wait For Elements State" library="Browser">
<arg>${locator}</arg>
<arg>visible</arg>
<arg>1</arg>
<tag>PageContent</tag>
<tag>Wait</tag>
<doc>Waits for the element found by ``selector`` to satisfy state option.</doc>
<msg timestamp="20221001 14:01:50.730" level="INFO">Waited for Element with selector css=.Toastify__toast-body div &gt;&gt; text=Credenciais inválidas, tente novamente! at state visible</msg>
<status status="PASS" starttime="20221001 14:01:50.701" endtime="20221001 14:01:50.730"/>
</kw>
<status status="PASS" starttime="20221001 14:01:50.700" endtime="20221001 14:01:50.731"/>
</kw>
<kw name="Finish Test" library="main" type="TEARDOWN">
<kw name="Sleep" library="BuiltIn">
<arg>1</arg>
<doc>Pauses the test executed for the given time.</doc>
<msg timestamp="20221001 14:01:51.733" level="INFO">Slept 1 second</msg>
<status status="PASS" starttime="20221001 14:01:50.731" endtime="20221001 14:01:51.733"/>
</kw>
<kw name="Take Screenshot" library="Browser">
<tag>PageContent</tag>
<doc>Takes a screenshot of the current window or element and saves it to disk.</doc>
<msg timestamp="20221001 14:01:52.215" level="INFO" html="true">&lt;/td&gt;&lt;/tr&gt;&lt;tr&gt;&lt;td colspan="3"&gt;&lt;a href="browser/screenshot/robotframework-browser-screenshot-2.png"&gt;&lt;img src="browser/screenshot/robotframework-browser-screenshot-2.png" width="800px"&gt;&lt;/a&gt;</msg>
<status status="PASS" starttime="20221001 14:01:51.734" endtime="20221001 14:01:52.216"/>
</kw>
<status status="PASS" starttime="20221001 14:01:50.731" endtime="20221001 14:01:52.216"/>
</kw>
<status status="PASS" starttime="20221001 14:01:43.593" endtime="20221001 14:01:52.216"/>
</test>
<test id="s1-s1-t3" name="Required Password" line="21">
<kw name="Start Test" library="main" type="SETUP">
<kw name="New Browser" library="Browser">
<arg>headless=False</arg>
<arg>browser=${BROWSER}</arg>
<tag>BrowserControl</tag>
<tag>Setter</tag>
<doc>Create a new playwright Browser with specified options.</doc>
<msg timestamp="20221001 14:01:52.370" level="INFO">{"browser": "firefox", "headless": false, "handleSIGINT": true, "handleSIGTERM": true, "handleSIGHUP": true, "timeout": 30000.0, "devtools": false, "slowMo": 0.0, "tracesDir": "C:\\qaninja\\vdt2\\logs\\browser\\traces\\a8521cd6-d4bc-4329-9e8a-e7cec4740942"}</msg>
<msg timestamp="20221001 14:01:55.672" level="INFO">Successfully created browser with options: {"browser":"firefox","headless":false,"handleSIGINT":true,"handleSIGTERM":true,"handleSIGHUP":true,"timeout":30000,"devtools":false,"slowMo":0,"tracesDir":"C:\\qaninja\\vdt2\\logs\\browser\\traces\\a8521cd6-d4bc-4329-9e8a-e7cec4740942"}</msg>
<status status="PASS" starttime="20221001 14:01:52.369" endtime="20221001 14:01:55.672"/>
</kw>
<status status="PASS" starttime="20221001 14:01:52.368" endtime="20221001 14:01:55.672"/>
</kw>
<kw name="Go To Login Page" library="login">
<kw name="New Page" library="Browser">
<arg>https://trade-sticker-dev.vercel.app/</arg>
<tag>BrowserControl</tag>
<tag>Setter</tag>
<doc>Open a new Page.</doc>
<msg timestamp="20221001 14:01:59.205" level="INFO">Successfully initialized new page object and opened url: https://trade-sticker-dev.vercel.app/</msg>
<msg timestamp="20221001 14:01:59.205" level="INFO">No context was open. New context was automatically opened when this page is created.</msg>
<status status="PASS" starttime="20221001 14:01:55.681" endtime="20221001 14:01:59.206"/>
</kw>
<status status="PASS" starttime="20221001 14:01:55.681" endtime="20221001 14:01:59.206"/>
</kw>
<kw name="Submit Credentials" library="login">
<arg>papito@gmail.com</arg>
<arg>${EMPTY}</arg>
<kw name="Fill Text" library="Browser">
<arg>css=input[name=email]</arg>
<arg>${email}</arg>
<tag>PageContent</tag>
<tag>Setter</tag>
<doc>Clears and fills the given ``txt`` into the text field found by ``selector``.</doc>
<msg timestamp="20221001 14:01:59.210" level="INFO">Fills the text 'papito@gmail.com' in the given field.</msg>
<status status="PASS" starttime="20221001 14:01:59.209" endtime="20221001 14:01:59.330"/>
</kw>
<kw name="Fill Text" library="Browser">
<arg>css=input[name=password]</arg>
<arg>${password}</arg>
<tag>PageContent</tag>
<tag>Setter</tag>
<doc>Clears and fills the given ``txt`` into the text field found by ``selector``.</doc>
<msg timestamp="20221001 14:01:59.331" level="INFO">Fills the text '' in the given field.</msg>
<status status="PASS" starttime="20221001 14:01:59.330" endtime="20221001 14:01:59.369"/>
</kw>
<kw name="Click" library="Browser">
<arg>css=button &gt;&gt; text=Entrar</arg>
<tag>PageContent</tag>
<tag>Setter</tag>
<doc>Simulates mouse click on the element found by ``selector``.</doc>
<status status="PASS" starttime="20221001 14:01:59.369" endtime="20221001 14:01:59.466"/>
</kw>
<status status="PASS" starttime="20221001 14:01:59.207" endtime="20221001 14:01:59.467"/>
</kw>
<kw name="Toast Message Should Be" library="login">
<arg>Por favor, informe a sua senha secreta!</arg>
<kw name="Set Variable" library="BuiltIn">
<var>${locator}</var>
<arg>css=.Toastify__toast-body div &gt;&gt; text=${expected_message}</arg>
<doc>Returns the given values which can then be assigned to a variables.</doc>
<msg timestamp="20221001 14:01:59.469" level="INFO">${locator} = css=.Toastify__toast-body div &gt;&gt; text=Por favor, informe a sua senha secreta!</msg>
<status status="PASS" starttime="20221001 14:01:59.468" endtime="20221001 14:01:59.469"/>
</kw>
<kw name="Wait For Elements State" library="Browser">
<arg>${locator}</arg>
<arg>visible</arg>
<arg>1</arg>
<tag>PageContent</tag>
<tag>Wait</tag>
<doc>Waits for the element found by ``selector`` to satisfy state option.</doc>
<msg timestamp="20221001 14:01:59.503" level="INFO">Waited for Element with selector css=.Toastify__toast-body div &gt;&gt; text=Por favor, informe a sua senha secreta! at state visible</msg>
<status status="PASS" starttime="20221001 14:01:59.469" endtime="20221001 14:01:59.503"/>
</kw>
<status status="PASS" starttime="20221001 14:01:59.467" endtime="20221001 14:01:59.503"/>
</kw>
<kw name="Finish Test" library="main" type="TEARDOWN">
<kw name="Sleep" library="BuiltIn">
<arg>1</arg>
<doc>Pauses the test executed for the given time.</doc>
<msg timestamp="20221001 14:02:00.511" level="INFO">Slept 1 second</msg>
<status status="PASS" starttime="20221001 14:01:59.504" endtime="20221001 14:02:00.512"/>
</kw>
<kw name="Take Screenshot" library="Browser">
<tag>PageContent</tag>
<doc>Takes a screenshot of the current window or element and saves it to disk.</doc>
<msg timestamp="20221001 14:02:01.038" level="INFO" html="true">&lt;/td&gt;&lt;/tr&gt;&lt;tr&gt;&lt;td colspan="3"&gt;&lt;a href="browser/screenshot/robotframework-browser-screenshot-3.png"&gt;&lt;img src="browser/screenshot/robotframework-browser-screenshot-3.png" width="800px"&gt;&lt;/a&gt;</msg>
<status status="PASS" starttime="20221001 14:02:00.512" endtime="20221001 14:02:01.039"/>
</kw>
<status status="PASS" starttime="20221001 14:01:59.504" endtime="20221001 14:02:01.039"/>
</kw>
<status status="PASS" starttime="20221001 14:01:52.360" endtime="20221001 14:02:01.040"/>
</test>
<test id="s1-s1-t4" name="Required Email" line="27">
<kw name="Start Test" library="main" type="SETUP">
<kw name="New Browser" library="Browser">
<arg>headless=False</arg>
<arg>browser=${BROWSER}</arg>
<tag>BrowserControl</tag>
<tag>Setter</tag>
<doc>Create a new playwright Browser with specified options.</doc>
<msg timestamp="20221001 14:02:01.236" level="INFO">{"browser": "firefox", "headless": false, "handleSIGINT": true, "handleSIGTERM": true, "handleSIGHUP": true, "timeout": 30000.0, "devtools": false, "slowMo": 0.0, "tracesDir": "C:\\qaninja\\vdt2\\logs\\browser\\traces\\5c302c1a-66b6-4fb0-bf6e-fb24f58bcf40"}</msg>
<msg timestamp="20221001 14:02:04.499" level="INFO">Successfully created browser with options: {"browser":"firefox","headless":false,"handleSIGINT":true,"handleSIGTERM":true,"handleSIGHUP":true,"timeout":30000,"devtools":false,"slowMo":0,"tracesDir":"C:\\qaninja\\vdt2\\logs\\browser\\traces\\5c302c1a-66b6-4fb0-bf6e-fb24f58bcf40"}</msg>
<status status="PASS" starttime="20221001 14:02:01.235" endtime="20221001 14:02:04.499"/>
</kw>
<status status="PASS" starttime="20221001 14:02:01.234" endtime="20221001 14:02:04.499"/>
</kw>
<kw name="Go To Login Page" library="login">
<kw name="New Page" library="Browser">
<arg>https://trade-sticker-dev.vercel.app/</arg>
<tag>BrowserControl</tag>
<tag>Setter</tag>
<doc>Open a new Page.</doc>
<msg timestamp="20221001 14:02:07.441" level="INFO">Successfully initialized new page object and opened url: https://trade-sticker-dev.vercel.app/</msg>
<msg timestamp="20221001 14:02:07.441" level="INFO">No context was open. New context was automatically opened when this page is created.</msg>
<status status="PASS" starttime="20221001 14:02:04.515" endtime="20221001 14:02:07.441"/>
</kw>
<status status="PASS" starttime="20221001 14:02:04.514" endtime="20221001 14:02:07.442"/>
</kw>
<kw name="Submit Credentials" library="login">
<arg>${EMPTY}</arg>
<arg>abc123</arg>
<kw name="Fill Text" library="Browser">
<arg>css=input[name=email]</arg>
<arg>${email}</arg>
<tag>PageContent</tag>
<tag>Setter</tag>
<doc>Clears and fills the given ``txt`` into the text field found by ``selector``.</doc>
<msg timestamp="20221001 14:02:07.460" level="INFO">Fills the text '' in the given field.</msg>
<status status="PASS" starttime="20221001 14:02:07.459" endtime="20221001 14:02:07.591"/>
</kw>
<kw name="Fill Text" library="Browser">
<arg>css=input[name=password]</arg>
<arg>${password}</arg>
<tag>PageContent</tag>
<tag>Setter</tag>
<doc>Clears and fills the given ``txt`` into the text field found by ``selector``.</doc>
<msg timestamp="20221001 14:02:07.591" level="INFO">Fills the text 'abc123' in the given field.</msg>
<status status="PASS" starttime="20221001 14:02:07.591" endtime="20221001 14:02:07.637"/>
</kw>
<kw name="Click" library="Browser">
<arg>css=button &gt;&gt; text=Entrar</arg>
<tag>PageContent</tag>
<tag>Setter</tag>
<doc>Simulates mouse click on the element found by ``selector``.</doc>
<status status="PASS" starttime="20221001 14:02:07.637" endtime="20221001 14:02:07.761"/>
</kw>
<status status="PASS" starttime="20221001 14:02:07.456" endtime="20221001 14:02:07.762"/>
</kw>
<kw name="Toast Message Should Be" library="login">
<arg>Por favor, informe o seu email!</arg>
<kw name="Set Variable" library="BuiltIn">
<var>${locator}</var>
<arg>css=.Toastify__toast-body div &gt;&gt; text=${expected_message}</arg>
<doc>Returns the given values which can then be assigned to a variables.</doc>
<msg timestamp="20221001 14:02:07.768" level="INFO">${locator} = css=.Toastify__toast-body div &gt;&gt; text=Por favor, informe o seu email!</msg>
<status status="PASS" starttime="20221001 14:02:07.767" endtime="20221001 14:02:07.768"/>
</kw>
<kw name="Wait For Elements State" library="Browser">
<arg>${locator}</arg>
<arg>visible</arg>
<arg>1</arg>
<tag>PageContent</tag>
<tag>Wait</tag>
<doc>Waits for the element found by ``selector`` to satisfy state option.</doc>
<msg timestamp="20221001 14:02:07.803" level="INFO">Waited for Element with selector css=.Toastify__toast-body div &gt;&gt; text=Por favor, informe o seu email! at state visible</msg>
<status status="PASS" starttime="20221001 14:02:07.768" endtime="20221001 14:02:07.803"/>
</kw>
<status status="PASS" starttime="20221001 14:02:07.766" endtime="20221001 14:02:07.804"/>
</kw>
<kw name="Finish Test" library="main" type="TEARDOWN">
<kw name="Sleep" library="BuiltIn">
<arg>1</arg>
<doc>Pauses the test executed for the given time.</doc>
<msg timestamp="20221001 14:02:08.807" level="INFO">Slept 1 second</msg>
<status status="PASS" starttime="20221001 14:02:07.805" endtime="20221001 14:02:08.807"/>
</kw>
<kw name="Take Screenshot" library="Browser">
<tag>PageContent</tag>
<doc>Takes a screenshot of the current window or element and saves it to disk.</doc>
<msg timestamp="20221001 14:02:09.234" level="INFO" html="true">&lt;/td&gt;&lt;/tr&gt;&lt;tr&gt;&lt;td colspan="3"&gt;&lt;a href="browser/screenshot/robotframework-browser-screenshot-4.png"&gt;&lt;img src="browser/screenshot/robotframework-browser-screenshot-4.png" width="800px"&gt;&lt;/a&gt;</msg>
<status status="PASS" starttime="20221001 14:02:08.808" endtime="20221001 14:02:09.234"/>
</kw>
<status status="PASS" starttime="20221001 14:02:07.805" endtime="20221001 14:02:09.234"/>
</kw>
<status status="PASS" starttime="20221001 14:02:01.225" endtime="20221001 14:02:09.235"/>
</test>
<test id="s1-s1-t5" name="Required Fields" line="33">
<kw name="Start Test" library="main" type="SETUP">
<kw name="New Browser" library="Browser">
<arg>headless=False</arg>
<arg>browser=${BROWSER}</arg>
<tag>BrowserControl</tag>
<tag>Setter</tag>
<doc>Create a new playwright Browser with specified options.</doc>
<msg timestamp="20221001 14:02:09.378" level="INFO">{"browser": "firefox", "headless": false, "handleSIGINT": true, "handleSIGTERM": true, "handleSIGHUP": true, "timeout": 30000.0, "devtools": false, "slowMo": 0.0, "tracesDir": "C:\\qaninja\\vdt2\\logs\\browser\\traces\\bc1e1dbd-3e62-43c5-8b11-16d1a7595d60"}</msg>
<msg timestamp="20221001 14:02:12.803" level="INFO">Successfully created browser with options: {"browser":"firefox","headless":false,"handleSIGINT":true,"handleSIGTERM":true,"handleSIGHUP":true,"timeout":30000,"devtools":false,"slowMo":0,"tracesDir":"C:\\qaninja\\vdt2\\logs\\browser\\traces\\bc1e1dbd-3e62-43c5-8b11-16d1a7595d60"}</msg>
<status status="PASS" starttime="20221001 14:02:09.377" endtime="20221001 14:02:12.803"/>
</kw>
<status status="PASS" starttime="20221001 14:02:09.376" endtime="20221001 14:02:12.803"/>
</kw>
<kw name="Go To Login Page" library="login">
<kw name="New Page" library="Browser">
<arg>https://trade-sticker-dev.vercel.app/</arg>
<tag>BrowserControl</tag>
<tag>Setter</tag>
<doc>Open a new Page.</doc>
<msg timestamp="20221001 14:02:16.662" level="INFO">Successfully initialized new page object and opened url: https://trade-sticker-dev.vercel.app/</msg>
<msg timestamp="20221001 14:02:16.662" level="INFO">No context was open. New context was automatically opened when this page is created.</msg>
<status status="PASS" starttime="20221001 14:02:12.847" endtime="20221001 14:02:16.663"/>
</kw>
<status status="PASS" starttime="20221001 14:02:12.846" endtime="20221001 14:02:16.663"/>
</kw>
<kw name="Submit Credentials" library="login">
<arg>${EMPTY}</arg>
<arg>${EMPTY}</arg>
<kw name="Fill Text" library="Browser">
<arg>css=input[name=email]</arg>
<arg>${email}</arg>
<tag>PageContent</tag>
<tag>Setter</tag>
<doc>Clears and fills the given ``txt`` into the text field found by ``selector``.</doc>
<msg timestamp="20221001 14:02:16.681" level="INFO">Fills the text '' in the given field.</msg>
<status status="PASS" starttime="20221001 14:02:16.680" endtime="20221001 14:02:16.801"/>
</kw>
<kw name="Fill Text" library="Browser">
<arg>css=input[name=password]</arg>
<arg>${password}</arg>
<tag>PageContent</tag>
<tag>Setter</tag>
<doc>Clears and fills the given ``txt`` into the text field found by ``selector``.</doc>
<msg timestamp="20221001 14:02:16.802" level="INFO">Fills the text '' in the given field.</msg>
<status status="PASS" starttime="20221001 14:02:16.801" endtime="20221001 14:02:16.836"/>
</kw>
<kw name="Click" library="Browser">
<arg>css=button &gt;&gt; text=Entrar</arg>
<tag>PageContent</tag>
<tag>Setter</tag>
<doc>Simulates mouse click on the element found by ``selector``.</doc>
<status status="PASS" starttime="20221001 14:02:16.837" endtime="20221001 14:02:16.934"/>
</kw>
<status status="PASS" starttime="20221001 14:02:16.677" endtime="20221001 14:02:16.934"/>
</kw>
<kw name="Toast Message Should Be" library="login">
<arg>Por favor, informe suas credenciais!</arg>
<kw name="Set Variable" library="BuiltIn">
<var>${locator}</var>
<arg>css=.Toastify__toast-body div &gt;&gt; text=${expected_message}</arg>
<doc>Returns the given values which can then be assigned to a variables.</doc>
<msg timestamp="20221001 14:02:16.937" level="INFO">${locator} = css=.Toastify__toast-body div &gt;&gt; text=Por favor, informe suas credenciais!</msg>
<status status="PASS" starttime="20221001 14:02:16.936" endtime="20221001 14:02:16.937"/>
</kw>
<kw name="Wait For Elements State" library="Browser">
<arg>${locator}</arg>
<arg>visible</arg>
<arg>1</arg>
<tag>PageContent</tag>
<tag>Wait</tag>
<doc>Waits for the element found by ``selector`` to satisfy state option.</doc>
<msg timestamp="20221001 14:02:16.962" level="INFO">Waited for Element with selector css=.Toastify__toast-body div &gt;&gt; text=Por favor, informe suas credenciais! at state visible</msg>
<status status="PASS" starttime="20221001 14:02:16.937" endtime="20221001 14:02:16.963"/>
</kw>
<status status="PASS" starttime="20221001 14:02:16.935" endtime="20221001 14:02:16.963"/>
</kw>
<kw name="Finish Test" library="main" type="TEARDOWN">
<kw name="Sleep" library="BuiltIn">
<arg>1</arg>
<doc>Pauses the test executed for the given time.</doc>
<msg timestamp="20221001 14:02:17.973" level="INFO">Slept 1 second</msg>
<status status="PASS" starttime="20221001 14:02:16.964" endtime="20221001 14:02:17.973"/>
</kw>
<kw name="Take Screenshot" library="Browser">
<tag>PageContent</tag>
<doc>Takes a screenshot of the current window or element and saves it to disk.</doc>
<msg timestamp="20221001 14:02:18.261" level="INFO" html="true">&lt;/td&gt;&lt;/tr&gt;&lt;tr&gt;&lt;td colspan="3"&gt;&lt;a href="browser/screenshot/robotframework-browser-screenshot-5.png"&gt;&lt;img src="browser/screenshot/robotframework-browser-screenshot-5.png" width="800px"&gt;&lt;/a&gt;</msg>
<status status="PASS" starttime="20221001 14:02:17.974" endtime="20221001 14:02:18.261"/>
</kw>
<status status="PASS" starttime="20221001 14:02:16.964" endtime="20221001 14:02:18.261"/>
</kw>
<status status="PASS" starttime="20221001 14:02:09.368" endtime="20221001 14:02:18.262"/>
</test>
<doc>Login Tests</doc>
<status status="PASS" starttime="20221001 14:01:33.777" endtime="20221001 14:02:18.364"/>
</suite>
<suite id="s1-s2" name="Slogan" source="C:\qaninja\vdt2\tests\slogan.robot">
<test id="s1-s2-t1" name="Deve validar o slogan da home page" line="8">
<kw name="New Browser" library="Browser">
<arg>headless=False</arg>
<tag>BrowserControl</tag>
<tag>Setter</tag>
<doc>Create a new playwright Browser with specified options.</doc>
<msg timestamp="20221001 14:02:18.426" level="INFO">{"browser": "chromium", "headless": false, "handleSIGINT": true, "handleSIGTERM": true, "handleSIGHUP": true, "timeout": 30000.0, "devtools": false, "slowMo": 0.0, "tracesDir": "C:\\qaninja\\vdt2\\logs\\browser\\traces\\d081b0ee-a415-4874-ac9b-c94367937fbe"}</msg>
<msg timestamp="20221001 14:02:19.397" level="INFO">Successfully created browser with options: {"browser":"chromium","headless":false,"handleSIGINT":true,"handleSIGTERM":true,"handleSIGHUP":true,"timeout":30000,"devtools":false,"slowMo":0,"tracesDir":"C:\\qaninja\\vdt2\\logs\\browser\\traces\\d081b0ee-a415-4874-ac9b-c94367937fbe"}</msg>
<status status="PASS" starttime="20221001 14:02:18.425" endtime="20221001 14:02:19.397"/>
</kw>
<kw name="New Page" library="Browser">
<arg>https://trade-sticker-dev.vercel.app/</arg>
<tag>BrowserControl</tag>
<tag>Setter</tag>
<doc>Open a new Page.</doc>
<msg timestamp="20221001 14:02:21.182" level="INFO">Successfully initialized new page object and opened url: https://trade-sticker-dev.vercel.app/</msg>
<msg timestamp="20221001 14:02:21.183" level="INFO">No context was open. New context was automatically opened when this page is created.</msg>
<status status="PASS" starttime="20221001 14:02:19.398" endtime="20221001 14:02:21.184"/>
</kw>
<kw name="Get Text" library="Browser">
<arg>.logo-container h2</arg>
<arg>contains</arg>
<arg>${slogan}</arg>
<tag>Assertion</tag>
<tag>Getter</tag>
<tag>PageContent</tag>
<doc>Returns text attribute of the element found by ``selector``.</doc>
<status status="PASS" starttime="20221001 14:02:21.188" endtime="20221001 14:02:21.296"/>
</kw>
<kw name="Take Screenshot" library="Browser">
<tag>PageContent</tag>
<doc>Takes a screenshot of the current window or element and saves it to disk.</doc>
<msg timestamp="20221001 14:02:21.899" level="INFO" html="true">&lt;/td&gt;&lt;/tr&gt;&lt;tr&gt;&lt;td colspan="3"&gt;&lt;a href="browser/screenshot/robotframework-browser-screenshot-6.png"&gt;&lt;img src="browser/screenshot/robotframework-browser-screenshot-6.png" width="800px"&gt;&lt;/a&gt;</msg>
<status status="PASS" starttime="20221001 14:02:21.296" endtime="20221001 14:02:21.899"/>
</kw>
<status status="PASS" starttime="20221001 14:02:18.421" endtime="20221001 14:02:21.900"/>
</test>
<status status="PASS" starttime="20221001 14:02:18.405" endtime="20221001 14:02:22.007"/>
</suite>
<suite id="s1-s3" name="Trade" source="C:\qaninja\vdt2\tests\trade.robot">
<test id="s1-s3-t1" name="Deve negociar a figurinha Neymar Legend" line="10">
<kw name="Start Test" library="main" type="SETUP">
<kw name="New Browser" library="Browser">
<arg>headless=False</arg>
<arg>browser=${BROWSER}</arg>
<tag>BrowserControl</tag>
<tag>Setter</tag>
<doc>Create a new playwright Browser with specified options.</doc>
<msg timestamp="20221001 14:02:22.050" level="INFO">{"browser": "firefox", "headless": false, "handleSIGINT": true, "handleSIGTERM": true, "handleSIGHUP": true, "timeout": 30000.0, "devtools": false, "slowMo": 0.0, "tracesDir": "C:\\qaninja\\vdt2\\logs\\browser\\traces\\e71b7af8-0cbb-4456-80a6-c6a3e5d76b3f"}</msg>
<msg timestamp="20221001 14:02:25.165" level="INFO">Successfully created browser with options: {"browser":"firefox","headless":false,"handleSIGINT":true,"handleSIGTERM":true,"handleSIGHUP":true,"timeout":30000,"devtools":false,"slowMo":0,"tracesDir":"C:\\qaninja\\vdt2\\logs\\browser\\traces\\e71b7af8-0cbb-4456-80a6-c6a3e5d76b3f"}</msg>
<status status="PASS" starttime="20221001 14:02:22.049" endtime="20221001 14:02:25.165"/>
</kw>
<status status="PASS" starttime="20221001 14:02:22.048" endtime="20221001 14:02:25.165"/>
</kw>
<kw name="Do Login" library="main">
<kw name="Go To Login Page" library="login">
<kw name="New Page" library="Browser">
<arg>https://trade-sticker-dev.vercel.app/</arg>
<tag>BrowserControl</tag>
<tag>Setter</tag>
<doc>Open a new Page.</doc>
<msg timestamp="20221001 14:02:28.370" level="INFO">Successfully initialized new page object and opened url: https://trade-sticker-dev.vercel.app/</msg>
<msg timestamp="20221001 14:02:28.370" level="INFO">No context was open. New context was automatically opened when this page is created.</msg>
<status status="PASS" starttime="20221001 14:02:25.171" endtime="20221001 14:02:28.370"/>
</kw>
<status status="PASS" starttime="20221001 14:02:25.170" endtime="20221001 14:02:28.372"/>
</kw>
<kw name="Submit Credentials" library="login">
<arg>papito@gmail.com</arg>
<arg>vaibrasil</arg>
<kw name="Fill Text" library="Browser">
<arg>css=input[name=email]</arg>
<arg>${email}</arg>
<tag>PageContent</tag>
<tag>Setter</tag>
<doc>Clears and fills the given ``txt`` into the text field found by ``selector``.</doc>
<msg timestamp="20221001 14:02:28.374" level="INFO">Fills the text 'papito@gmail.com' in the given field.</msg>
<status status="PASS" starttime="20221001 14:02:28.373" endtime="20221001 14:02:28.494"/>
</kw>
<kw name="Fill Text" library="Browser">
<arg>css=input[name=password]</arg>
<arg>${password}</arg>
<tag>PageContent</tag>
<tag>Setter</tag>
<doc>Clears and fills the given ``txt`` into the text field found by ``selector``.</doc>
<msg timestamp="20221001 14:02:28.494" level="INFO">Fills the text 'vaibrasil' in the given field.</msg>
<status status="PASS" starttime="20221001 14:02:28.494" endtime="20221001 14:02:28.532"/>
</kw>
<kw name="Click" library="Browser">
<arg>css=button &gt;&gt; text=Entrar</arg>
<tag>PageContent</tag>
<tag>Setter</tag>
<doc>Simulates mouse click on the element found by ``selector``.</doc>
<status status="PASS" starttime="20221001 14:02:28.532" endtime="20221001 14:02:28.689"/>
</kw>
<status status="PASS" starttime="20221001 14:02:28.372" endtime="20221001 14:02:28.690"/>
</kw>
<kw name="User Logged In" library="dash">
<kw name="Set Variable" library="BuiltIn">
<var>${header_title}</var>
<arg>Aquela figurinha incrível a um clique de distância.</arg>
<doc>Returns the given values which can then be assigned to a variables.</doc>
<msg timestamp="20221001 14:02:28.691" level="INFO">${header_title} = Aquela figurinha incrível a um clique de distância.</msg>
<status status="PASS" starttime="20221001 14:02:28.691" endtime="20221001 14:02:28.691"/>
</kw>
<kw name="Get Text" library="Browser">
<arg>css=.header-content strong</arg>
<arg>equal</arg>
<arg>${header_title}</arg>
<tag>Assertion</tag>
<tag>Getter</tag>
<tag>PageContent</tag>
<doc>Returns text attribute of the element found by ``selector``.</doc>
<status status="PASS" starttime="20221001 14:02:28.692" endtime="20221001 14:02:28.766"/>
</kw>
<status status="PASS" starttime="20221001 14:02:28.690" endtime="20221001 14:02:28.766"/>
</kw>
<status status="PASS" starttime="20221001 14:02:25.170" endtime="20221001 14:02:28.767"/>
</kw>
<kw name="Search User" library="dash">
<arg>Legend</arg>
<kw name="Fill Text" library="Browser">
<arg>css=input[placeholder^=Busque]</arg>
<arg>${target}</arg>
<tag>PageContent</tag>
<tag>Setter</tag>
<doc>Clears and fills the given ``txt`` into the text field found by ``selector``.</doc>
<msg timestamp="20221001 14:02:28.768" level="INFO">Fills the text 'Legend' in the given field.</msg>
<status status="PASS" starttime="20221001 14:02:28.768" endtime="20221001 14:02:28.815"/>
</kw>
<kw name="Click" library="Browser">
<arg>css=button &gt;&gt; text=Buscar</arg>
<tag>PageContent</tag>
<tag>Setter</tag>
<doc>Simulates mouse click on the element found by ``selector``.</doc>
<status status="PASS" starttime="20221001 14:02:28.815" endtime="20221001 14:02:28.905"/>
</kw>
<status status="PASS" starttime="20221001 14:02:28.767" endtime="20221001 14:02:28.905"/>
</kw>
<kw name="Select sticker" library="dash">
<arg>Neymar Jr</arg>
<kw name="Click" library="Browser">
<arg>xpath=//img[@alt="${name}"]/..</arg>
<tag>PageContent</tag>
<tag>Setter</tag>
<doc>Simulates mouse click on the element found by ``selector``.</doc>
<status status="PASS" starttime="20221001 14:02:28.910" endtime="20221001 14:02:29.951"/>
</kw>
<status status="PASS" starttime="20221001 14:02:28.909" endtime="20221001 14:02:29.952"/>
</kw>
<kw name="Get In Touch" library="dash">
<kw name="Click" library="Browser">
<arg>css=button &gt;&gt; text=Entrar em contato</arg>
<tag>PageContent</tag>
<tag>Setter</tag>
<doc>Simulates mouse click on the element found by ``selector``.</doc>
<status status="PASS" starttime="20221001 14:02:29.953" endtime="20221001 14:02:30.287"/>
</kw>
<status status="PASS" starttime="20221001 14:02:29.952" endtime="20221001 14:02:30.287"/>
</kw>
<kw name="Whatsapp Sticker Message" library="dash">
<arg>Neymar Jr</arg>
<kw name="Set Variable" library="BuiltIn">
<var>${expected_message}</var>
<arg>Oi, achei o seu contato no Trade Sticker. Estou interessado(a) na figurinha do ${Sticker_name}, bora negociar?</arg>
<doc>Returns the given values which can then be assigned to a variables.</doc>
<msg timestamp="20221001 14:02:30.290" level="INFO">${expected_message} = Oi, achei o seu contato no Trade Sticker. Estou interessado(a) na figurinha do Neymar Jr, bora negociar?</msg>
<status status="PASS" starttime="20221001 14:02:30.290" endtime="20221001 14:02:30.290"/>
</kw>
<kw name="Switch Page" library="Browser">
<arg>NEW</arg>
<tag>BrowserControl</tag>
<tag>Setter</tag>
<doc>Switches the active browser page to another open page by ``id`` or ``NEW``.</doc>
<msg timestamp="20221001 14:02:31.063" level="INFO">Activated new page page=1be9d7d9-c106-40bb-9cbc-c1c13ed89fab</msg>
<status status="PASS" starttime="20221001 14:02:30.291" endtime="20221001 14:02:31.064"/>
</kw>
<kw name="Wait For Elements State" library="Browser">
<arg>css=p &gt;&gt; text=${expected_message}</arg>
<arg>visible</arg>
<arg>5000</arg>
<tag>PageContent</tag>
<tag>Wait</tag>
<doc>Waits for the element found by ``selector`` to satisfy state option.</doc>
<msg timestamp="20221001 14:02:31.542" level="INFO">Waited for Element with selector css=p &gt;&gt; text=Oi, achei o seu contato no Trade Sticker. Estou interessado(a) na figurinha do Neymar Jr, bora negociar? at state visible</msg>
<status status="PASS" starttime="20221001 14:02:31.064" endtime="20221001 14:02:31.543"/>
</kw>
<status status="PASS" starttime="20221001 14:02:30.289" endtime="20221001 14:02:31.543"/>
</kw>
<kw name="Finish Test" library="main" type="TEARDOWN">
<kw name="Sleep" library="BuiltIn">
<arg>1</arg>
<doc>Pauses the test executed for the given time.</doc>
<msg timestamp="20221001 14:02:32.557" level="INFO">Slept 1 second</msg>
<status status="PASS" starttime="20221001 14:02:31.552" endtime="20221001 14:02:32.557"/>
</kw>
<kw name="Take Screenshot" library="Browser">
<tag>PageContent</tag>
<doc>Takes a screenshot of the current window or element and saves it to disk.</doc>
<msg timestamp="20221001 14:02:32.618" level="INFO" html="true">&lt;/td&gt;&lt;/tr&gt;&lt;tr&gt;&lt;td colspan="3"&gt;&lt;a href="browser/screenshot/robotframework-browser-screenshot-7.png"&gt;&lt;img src="browser/screenshot/robotframework-browser-screenshot-7.png" width="800px"&gt;&lt;/a&gt;</msg>
<status status="PASS" starttime="20221001 14:02:32.557" endtime="20221001 14:02:32.618"/>
</kw>
<status status="PASS" starttime="20221001 14:02:31.551" endtime="20221001 14:02:32.619"/>
</kw>
<status status="PASS" starttime="20221001 14:02:22.044" endtime="20221001 14:02:32.621"/>
</test>
<doc>Teste de negociação de figurinhas da copa</doc>
<status status="PASS" starttime="20221001 14:02:22.018" endtime="20221001 14:02:32.751"/>
</suite>
<status status="PASS" starttime="20221001 14:01:33.730" endtime="20221001 14:02:32.806"/>
</suite>
<statistics>
<total>
<stat pass="7" fail="0" skip="0">All Tests</stat>
</total>
<tag>
</tag>
<suite>
<stat pass="7" fail="0" skip="0" id="s1" name="Tests">Tests</stat>
<stat pass="5" fail="0" skip="0" id="s1-s1" name="Login">Tests.Login</stat>
<stat pass="1" fail="0" skip="0" id="s1-s2" name="Slogan">Tests.Slogan</stat>
<stat pass="1" fail="0" skip="0" id="s1-s3" name="Trade">Tests.Trade</stat>
</suite>
</statistics>
<errors>
</errors>
</robot>
