<?xml version="1.0" encoding="UTF-8"?>
<robot generator="Robot 5.0 (Python 3.9.5 on win32)" generated="20221001 20:22:53.160" rpa="false" schemaversion="3">
<suite id="s1" name="Tests" source="C:\qaacademy\vdt2\trade-sticker\tests">
<suite id="s1-s1" name="Login" source="C:\qaacademy\vdt2\trade-sticker\tests\login.robot">
<test id="s1-s1-t1" name="Deve validar o slogan da home page" line="10">
<kw name="Start Test" library="main" type="SETUP">
<kw name="New Browser" library="Browser">
<arg>headless=False</arg>
<arg>browser=${BROWSER}</arg>
<tag>BrowserControl</tag>
<tag>Setter</tag>
<doc>Create a new playwright Browser with specified options.</doc>
<msg timestamp="20221001 20:22:53.860" level="INFO">{"browser": "firefox", "headless": false, "handleSIGINT": true, "handleSIGTERM": true, "handleSIGHUP": true, "timeout": 30000.0, "devtools": false, "slowMo": 0.0, "tracesDir": "C:\\qaacademy\\vdt2\\trade-sticker\\logs\\browser\\traces\\249ed6d1-6499-4dba-a19f-5db6a96d7f42"}</msg>
<msg timestamp="20221001 20:22:55.030" level="INFO">Successfully created browser with options: {"browser":"firefox","headless":false,"handleSIGINT":true,"handleSIGTERM":true,"handleSIGHUP":true,"timeout":30000,"devtools":false,"slowMo":0,"tracesDir":"C:\\qaacademy\\vdt2\\trade-sticker\\logs\\browser\\traces\\249ed6d1-6499-4dba-a19f-5db6a96d7f42"}</msg>
<status status="PASS" starttime="20221001 20:22:53.859" endtime="20221001 20:22:55.030"/>
</kw>
<status status="PASS" starttime="20221001 20:22:53.859" endtime="20221001 20:22:55.030"/>
</kw>
<kw name="Create Dictionary" library="BuiltIn">
<var>${user}</var>
<arg>email=papito@gmail.com</arg>
<arg>password=vaibrasil</arg>
<doc>Creates and returns a dictionary based on the given ``items``.</doc>
<msg timestamp="20221001 20:22:55.030" level="INFO">${user} = {'email': 'papito@gmail.com', 'password': 'vaibrasil'}</msg>
<status status="PASS" starttime="20221001 20:22:55.030" endtime="20221001 20:22:55.030"/>
</kw>
<kw name="Go To Login Page" library="AuthActions">
<kw name="New Page" library="Browser">
<arg>https://trade-sticker-dev.vercel.app/</arg>
<tag>BrowserControl</tag>
<tag>Setter</tag>
<doc>Open a new Page.</doc>
<msg timestamp="20221001 20:22:56.428" level="INFO">Successfully initialized new page object and opened url: https://trade-sticker-dev.vercel.app/</msg>
<msg timestamp="20221001 20:22:56.428" level="INFO">No context was open. New context was automatically opened when this page is created.</msg>
<status status="PASS" starttime="20221001 20:22:55.045" endtime="20221001 20:22:56.428"/>
</kw>
<status status="PASS" starttime="20221001 20:22:55.045" endtime="20221001 20:22:56.428"/>
</kw>
<kw name="Fill Credentials" library="AuthActions">
<arg>${user}</arg>
<kw name="Fill Input Email" library="AuthActions">
<arg>${user}</arg>
<kw name="Fill Text" library="Browser">
<arg>${INPUT_EMAIL}</arg>
<arg>${user}[email]</arg>
<tag>PageContent</tag>
<tag>Setter</tag>
<doc>Clears and fills the given ``txt`` into the text field found by ``selector``.</doc>
<msg timestamp="20221001 20:22:56.442" level="INFO">Fills the text 'papito@gmail.com' in the given field.</msg>
<status status="PASS" starttime="20221001 20:22:56.442" endtime="20221001 20:22:56.495"/>
</kw>
<status status="PASS" starttime="20221001 20:22:56.428" endtime="20221001 20:22:56.495"/>
</kw>
<kw name="Fill Input Password" library="AuthActions">
<arg>${user}</arg>
<kw name="Fill Text" library="Browser">
<arg>${INPUT_PASS}</arg>
<arg>${user}[password]</arg>
<tag>PageContent</tag>
<tag>Setter</tag>
<doc>Clears and fills the given ``txt`` into the text field found by ``selector``.</doc>
<msg timestamp="20221001 20:22:56.496" level="INFO">Fills the text 'vaibrasil' in the given field.</msg>
<status status="PASS" starttime="20221001 20:22:56.495" endtime="20221001 20:22:56.514"/>
</kw>
<status status="PASS" starttime="20221001 20:22:56.495" endtime="20221001 20:22:56.514"/>
</kw>
<status status="PASS" starttime="20221001 20:22:56.428" endtime="20221001 20:22:56.514"/>
</kw>
<kw name="Submit Credentials" library="AuthActions">
<kw name="Click" library="Browser">
<arg>css=button &gt;&gt; text=Entrar</arg>
<tag>PageContent</tag>
<tag>Setter</tag>
<doc>Simulates mouse click on the element found by ``selector``.</doc>
<status status="PASS" starttime="20221001 20:22:56.515" endtime="20221001 20:22:56.571"/>
</kw>
<status status="PASS" starttime="20221001 20:22:56.515" endtime="20221001 20:22:56.571"/>
</kw>
<kw name="User Logged In" library="dash">
<kw name="Set Variable" library="BuiltIn">
<var>${header_title}</var>
<arg>Aquela figurinha incrível a um clique de distância.</arg>
<doc>Returns the given values which can then be assigned to a variables.</doc>
<msg timestamp="20221001 20:22:56.572" level="INFO">${header_title} = Aquela figurinha incrível a um clique de distância.</msg>
<status status="PASS" starttime="20221001 20:22:56.572" endtime="20221001 20:22:56.572"/>
</kw>
<kw name="Get Text" library="Browser">
<arg>css=.header-content strong</arg>
<arg>equal</arg>
<arg>${header_title}</arg>
<tag>Assertion</tag>
<tag>Getter</tag>
<tag>PageContent</tag>
<doc>Returns text attribute of the element found by ``selector``.</doc>
<status status="PASS" starttime="20221001 20:22:56.572" endtime="20221001 20:22:56.608"/>
</kw>
<status status="PASS" starttime="20221001 20:22:56.572" endtime="20221001 20:22:56.608"/>
</kw>
<kw name="Finish Test" library="main" type="TEARDOWN">
<kw name="Sleep" library="BuiltIn">
<arg>1</arg>
<doc>Pauses the test executed for the given time.</doc>
<msg timestamp="20221001 20:22:57.617" level="INFO">Slept 1 second</msg>
<status status="PASS" starttime="20221001 20:22:56.609" endtime="20221001 20:22:57.617"/>
</kw>
<kw name="Take Screenshot" library="Browser">
<tag>PageContent</tag>
<doc>Takes a screenshot of the current window or element and saves it to disk.</doc>
<msg timestamp="20221001 20:22:57.695" level="INFO" html="true">&lt;/td&gt;&lt;/tr&gt;&lt;tr&gt;&lt;td colspan="3"&gt;&lt;a href="browser/screenshot/robotframework-browser-screenshot-1.png"&gt;&lt;img src="browser/screenshot/robotframework-browser-screenshot-1.png" width="800px"&gt;&lt;/a&gt;</msg>
<status status="PASS" starttime="20221001 20:22:57.617" endtime="20221001 20:22:57.695"/>
</kw>
<status status="PASS" starttime="20221001 20:22:56.609" endtime="20221001 20:22:57.695"/>
</kw>
<status status="PASS" starttime="20221001 20:22:53.855" endtime="20221001 20:22:57.695"/>
</test>
<test id="s1-s1-t2" name="Não deve logar com senha incorreta" line="19">
<kw name="Start Test" library="main" type="SETUP">
<kw name="New Browser" library="Browser">
<arg>headless=False</arg>
<arg>browser=${BROWSER}</arg>
<tag>BrowserControl</tag>
<tag>Setter</tag>
<doc>Create a new playwright Browser with specified options.</doc>
<msg timestamp="20221001 20:22:57.730" level="INFO">{"browser": "firefox", "headless": false, "handleSIGINT": true, "handleSIGTERM": true, "handleSIGHUP": true, "timeout": 30000.0, "devtools": false, "slowMo": 0.0, "tracesDir": "C:\\qaacademy\\vdt2\\trade-sticker\\logs\\browser\\traces\\e652ae72-b368-440d-812f-6de521f6f155"}</msg>
<msg timestamp="20221001 20:22:58.905" level="INFO">Successfully created browser with options: {"browser":"firefox","headless":false,"handleSIGINT":true,"handleSIGTERM":true,"handleSIGHUP":true,"timeout":30000,"devtools":false,"slowMo":0,"tracesDir":"C:\\qaacademy\\vdt2\\trade-sticker\\logs\\browser\\traces\\e652ae72-b368-440d-812f-6de521f6f155"}</msg>
<status status="PASS" starttime="20221001 20:22:57.729" endtime="20221001 20:22:58.905"/>
</kw>
<status status="PASS" starttime="20221001 20:22:57.729" endtime="20221001 20:22:58.905"/>
</kw>
<kw name="Create Dictionary" library="BuiltIn">
<var>${user}</var>
<arg>email=papito@gmail.com</arg>
<arg>password=abc123</arg>
<doc>Creates and returns a dictionary based on the given ``items``.</doc>
<msg timestamp="20221001 20:22:58.905" level="INFO">${user} = {'email': 'papito@gmail.com', 'password': 'abc123'}</msg>
<status status="PASS" starttime="20221001 20:22:58.905" endtime="20221001 20:22:58.905"/>
</kw>
<kw name="Go To Login Page" library="AuthActions">
<kw name="New Page" library="Browser">
<arg>https://trade-sticker-dev.vercel.app/</arg>
<tag>BrowserControl</tag>
<tag>Setter</tag>
<doc>Open a new Page.</doc>
<msg timestamp="20221001 20:23:00.186" level="INFO">Successfully initialized new page object and opened url: https://trade-sticker-dev.vercel.app/</msg>
<msg timestamp="20221001 20:23:00.186" level="INFO">No context was open. New context was automatically opened when this page is created.</msg>
<status status="PASS" starttime="20221001 20:22:58.913" endtime="20221001 20:23:00.186"/>
</kw>
<status status="PASS" starttime="20221001 20:22:58.913" endtime="20221001 20:23:00.186"/>
</kw>
<kw name="Fill Credentials" library="AuthActions">
<arg>${user}</arg>
<kw name="Fill Input Email" library="AuthActions">
<arg>${user}</arg>
<kw name="Fill Text" library="Browser">
<arg>${INPUT_EMAIL}</arg>
<arg>${user}[email]</arg>
<tag>PageContent</tag>
<tag>Setter</tag>
<doc>Clears and fills the given ``txt`` into the text field found by ``selector``.</doc>
<msg timestamp="20221001 20:23:00.198" level="INFO">Fills the text 'papito@gmail.com' in the given field.</msg>
<status status="PASS" starttime="20221001 20:23:00.198" endtime="20221001 20:23:00.247"/>
</kw>
<status status="PASS" starttime="20221001 20:23:00.186" endtime="20221001 20:23:00.247"/>
</kw>
<kw name="Fill Input Password" library="AuthActions">
<arg>${user}</arg>
<kw name="Fill Text" library="Browser">
<arg>${INPUT_PASS}</arg>
<arg>${user}[password]</arg>
<tag>PageContent</tag>
<tag>Setter</tag>
<doc>Clears and fills the given ``txt`` into the text field found by ``selector``.</doc>
<msg timestamp="20221001 20:23:00.248" level="INFO">Fills the text 'abc123' in the given field.</msg>
<status status="PASS" starttime="20221001 20:23:00.247" endtime="20221001 20:23:00.264"/>
</kw>
<status status="PASS" starttime="20221001 20:23:00.247" endtime="20221001 20:23:00.264"/>
</kw>
<status status="PASS" starttime="20221001 20:23:00.186" endtime="20221001 20:23:00.264"/>
</kw>
<kw name="Submit Credentials" library="AuthActions">
<kw name="Click" library="Browser">
<arg>css=button &gt;&gt; text=Entrar</arg>
<tag>PageContent</tag>
<tag>Setter</tag>
<doc>Simulates mouse click on the element found by ``selector``.</doc>
<status status="PASS" starttime="20221001 20:23:00.265" endtime="20221001 20:23:00.315"/>
</kw>
<status status="PASS" starttime="20221001 20:23:00.265" endtime="20221001 20:23:00.316"/>
</kw>
<kw name="Toast Message Should Be" library="AuthActions">
<arg>Credenciais inválidas, tente novamente!</arg>
<kw name="Set Variable" library="BuiltIn">
<var>${locator}</var>
<arg>css=.Toastify__toast-body div &gt;&gt; text=${expected_message}</arg>
<doc>Returns the given values which can then be assigned to a variables.</doc>
<msg timestamp="20221001 20:23:00.317" level="INFO">${locator} = css=.Toastify__toast-body div &gt;&gt; text=Credenciais inválidas, tente novamente!</msg>
<status status="PASS" starttime="20221001 20:23:00.316" endtime="20221001 20:23:00.317"/>
</kw>
<kw name="Wait For Elements State" library="Browser">
<arg>${locator}</arg>
<arg>visible</arg>
<arg>1</arg>
<tag>PageContent</tag>
<tag>Wait</tag>
<doc>Waits for the element found by ``selector`` to satisfy state option.</doc>
<msg timestamp="20221001 20:23:00.327" level="INFO">Waited for Element with selector css=.Toastify__toast-body div &gt;&gt; text=Credenciais inválidas, tente novamente! at state visible</msg>
<status status="PASS" starttime="20221001 20:23:00.317" endtime="20221001 20:23:00.327"/>
</kw>
<status status="PASS" starttime="20221001 20:23:00.316" endtime="20221001 20:23:00.327"/>
</kw>
<kw name="Finish Test" library="main" type="TEARDOWN">
<kw name="Sleep" library="BuiltIn">
<arg>1</arg>
<doc>Pauses the test executed for the given time.</doc>
<msg timestamp="20221001 20:23:01.341" level="INFO">Slept 1 second</msg>
<status status="PASS" starttime="20221001 20:23:00.328" endtime="20221001 20:23:01.341"/>
</kw>
<kw name="Take Screenshot" library="Browser">
<tag>PageContent</tag>
<doc>Takes a screenshot of the current window or element and saves it to disk.</doc>
<msg timestamp="20221001 20:23:01.457" level="INFO" html="true">&lt;/td&gt;&lt;/tr&gt;&lt;tr&gt;&lt;td colspan="3"&gt;&lt;a href="browser/screenshot/robotframework-browser-screenshot-2.png"&gt;&lt;img src="browser/screenshot/robotframework-browser-screenshot-2.png" width="800px"&gt;&lt;/a&gt;</msg>
<status status="PASS" starttime="20221001 20:23:01.341" endtime="20221001 20:23:01.457"/>
</kw>
<status status="PASS" starttime="20221001 20:23:00.327" endtime="20221001 20:23:01.457"/>
</kw>
<status status="PASS" starttime="20221001 20:22:57.725" endtime="20221001 20:23:01.457"/>
</test>
<test id="s1-s1-t3" name="Deve exibir notificacao toaster se a senha nao for preenchida" line="28">
<kw name="Start Test" library="main" type="SETUP">
<kw name="New Browser" library="Browser">
<arg>headless=False</arg>
<arg>browser=${BROWSER}</arg>
<tag>BrowserControl</tag>
<tag>Setter</tag>
<doc>Create a new playwright Browser with specified options.</doc>
<msg timestamp="20221001 20:23:01.499" level="INFO">{"browser": "firefox", "headless": false, "handleSIGINT": true, "handleSIGTERM": true, "handleSIGHUP": true, "timeout": 30000.0, "devtools": false, "slowMo": 0.0, "tracesDir": "C:\\qaacademy\\vdt2\\trade-sticker\\logs\\browser\\traces\\3b7fce51-d0cf-4f9b-8f30-eb5b070920bf"}</msg>
<msg timestamp="20221001 20:23:02.729" level="INFO">Successfully created browser with options: {"browser":"firefox","headless":false,"handleSIGINT":true,"handleSIGTERM":true,"handleSIGHUP":true,"timeout":30000,"devtools":false,"slowMo":0,"tracesDir":"C:\\qaacademy\\vdt2\\trade-sticker\\logs\\browser\\traces\\3b7fce51-d0cf-4f9b-8f30-eb5b070920bf"}</msg>
<status status="PASS" starttime="20221001 20:23:01.499" endtime="20221001 20:23:02.729"/>
</kw>
<status status="PASS" starttime="20221001 20:23:01.498" endtime="20221001 20:23:02.729"/>
</kw>
<kw name="Create Dictionary" library="BuiltIn">
<var>${user}</var>
<arg>email=everton@404.com.br</arg>
<arg>password=${EMPTY}</arg>
<doc>Creates and returns a dictionary based on the given ``items``.</doc>
<msg timestamp="20221001 20:23:02.735" level="INFO">${user} = {'email': 'everton@404.com.br', 'password': ''}</msg>
<status status="PASS" starttime="20221001 20:23:02.729" endtime="20221001 20:23:02.735"/>
</kw>
<kw name="Go To Login Page" library="AuthActions">
<kw name="New Page" library="Browser">
<arg>https://trade-sticker-dev.vercel.app/</arg>
<tag>BrowserControl</tag>
<tag>Setter</tag>
<doc>Open a new Page.</doc>
<msg timestamp="20221001 20:23:04.079" level="INFO">Successfully initialized new page object and opened url: https://trade-sticker-dev.vercel.app/</msg>
<msg timestamp="20221001 20:23:04.079" level="INFO">No context was open. New context was automatically opened when this page is created.</msg>
<status status="PASS" starttime="20221001 20:23:02.735" endtime="20221001 20:23:04.079"/>
</kw>
<status status="PASS" starttime="20221001 20:23:02.735" endtime="20221001 20:23:04.079"/>
</kw>
<kw name="Fill Input Email" library="AuthActions">
<arg>${user}</arg>
<kw name="Fill Text" library="Browser">
<arg>${INPUT_EMAIL}</arg>
<arg>${user}[email]</arg>
<tag>PageContent</tag>
<tag>Setter</tag>
<doc>Clears and fills the given ``txt`` into the text field found by ``selector``.</doc>
<msg timestamp="20221001 20:23:04.079" level="INFO">Fills the text 'everton@404.com.br' in the given field.</msg>
<status status="PASS" starttime="20221001 20:23:04.079" endtime="20221001 20:23:04.117"/>
</kw>
<status status="PASS" starttime="20221001 20:23:04.079" endtime="20221001 20:23:04.117"/>
</kw>
<kw name="Submit Credentials" library="AuthActions">
<kw name="Click" library="Browser">
<arg>css=button &gt;&gt; text=Entrar</arg>
<tag>PageContent</tag>
<tag>Setter</tag>
<doc>Simulates mouse click on the element found by ``selector``.</doc>
<status status="PASS" starttime="20221001 20:23:04.117" endtime="20221001 20:23:04.191"/>
</kw>
<status status="PASS" starttime="20221001 20:23:04.117" endtime="20221001 20:23:04.191"/>
</kw>
<kw name="Toast Message Should Be" library="AuthActions">
<arg>Por favor, informe a sua senha secreta!</arg>
<kw name="Set Variable" library="BuiltIn">
<var>${locator}</var>
<arg>css=.Toastify__toast-body div &gt;&gt; text=${expected_message}</arg>
<doc>Returns the given values which can then be assigned to a variables.</doc>
<msg timestamp="20221001 20:23:04.192" level="INFO">${locator} = css=.Toastify__toast-body div &gt;&gt; text=Por favor, informe a sua senha secreta!</msg>
<status status="PASS" starttime="20221001 20:23:04.192" endtime="20221001 20:23:04.192"/>
</kw>
<kw name="Wait For Elements State" library="Browser">
<arg>${locator}</arg>
<arg>visible</arg>
<arg>1</arg>
<tag>PageContent</tag>
<tag>Wait</tag>
<doc>Waits for the element found by ``selector`` to satisfy state option.</doc>
<msg timestamp="20221001 20:23:04.200" level="INFO">Waited for Element with selector css=.Toastify__toast-body div &gt;&gt; text=Por favor, informe a sua senha secreta! at state visible</msg>
<status status="PASS" starttime="20221001 20:23:04.192" endtime="20221001 20:23:04.200"/>
</kw>
<status status="PASS" starttime="20221001 20:23:04.191" endtime="20221001 20:23:04.200"/>
</kw>
<kw name="Finish Test" library="main" type="TEARDOWN">
<kw name="Sleep" library="BuiltIn">
<arg>1</arg>
<doc>Pauses the test executed for the given time.</doc>
<msg timestamp="20221001 20:23:05.215" level="INFO">Slept 1 second</msg>
<status status="PASS" starttime="20221001 20:23:04.201" endtime="20221001 20:23:05.215"/>
</kw>
<kw name="Take Screenshot" library="Browser">
<tag>PageContent</tag>
<doc>Takes a screenshot of the current window or element and saves it to disk.</doc>
<msg timestamp="20221001 20:23:05.337" level="INFO" html="true">&lt;/td&gt;&lt;/tr&gt;&lt;tr&gt;&lt;td colspan="3"&gt;&lt;a href="browser/screenshot/robotframework-browser-screenshot-3.png"&gt;&lt;img src="browser/screenshot/robotframework-browser-screenshot-3.png" width="800px"&gt;&lt;/a&gt;</msg>
<status status="PASS" starttime="20221001 20:23:05.215" endtime="20221001 20:23:05.337"/>
</kw>
<status status="PASS" starttime="20221001 20:23:04.201" endtime="20221001 20:23:05.337"/>
</kw>
<status status="PASS" starttime="20221001 20:23:01.496" endtime="20221001 20:23:05.337"/>
</test>
<test id="s1-s1-t4" name="Deve exibir notificacao toaster se o email nao for preenchido" line="37">
<kw name="Start Test" library="main" type="SETUP">
<kw name="New Browser" library="Browser">
<arg>headless=False</arg>
<arg>browser=${BROWSER}</arg>
<tag>BrowserControl</tag>
<tag>Setter</tag>
<doc>Create a new playwright Browser with specified options.</doc>
<msg timestamp="20221001 20:23:05.376" level="INFO">{"browser": "firefox", "headless": false, "handleSIGINT": true, "handleSIGTERM": true, "handleSIGHUP": true, "timeout": 30000.0, "devtools": false, "slowMo": 0.0, "tracesDir": "C:\\qaacademy\\vdt2\\trade-sticker\\logs\\browser\\traces\\9d104737-a178-49dc-8295-1c3532e1d7b4"}</msg>
<msg timestamp="20221001 20:23:06.586" level="INFO">Successfully created browser with options: {"browser":"firefox","headless":false,"handleSIGINT":true,"handleSIGTERM":true,"handleSIGHUP":true,"timeout":30000,"devtools":false,"slowMo":0,"tracesDir":"C:\\qaacademy\\vdt2\\trade-sticker\\logs\\browser\\traces\\9d104737-a178-49dc-8295-1c3532e1d7b4"}</msg>
<status status="PASS" starttime="20221001 20:23:05.374" endtime="20221001 20:23:06.586"/>
</kw>
<status status="PASS" starttime="20221001 20:23:05.373" endtime="20221001 20:23:06.586"/>
</kw>
<kw name="Create Dictionary" library="BuiltIn">
<var>${user}</var>
<arg>email=${EMPTY}</arg>
<arg>password=abc123</arg>
<doc>Creates and returns a dictionary based on the given ``items``.</doc>
<msg timestamp="20221001 20:23:06.588" level="INFO">${user} = {'email': '', 'password': 'abc123'}</msg>
<status status="PASS" starttime="20221001 20:23:06.586" endtime="20221001 20:23:06.588"/>
</kw>
<kw name="Go To Login Page" library="AuthActions">
<kw name="New Page" library="Browser">
<arg>https://trade-sticker-dev.vercel.app/</arg>
<tag>BrowserControl</tag>
<tag>Setter</tag>
<doc>Open a new Page.</doc>
<msg timestamp="20221001 20:23:07.890" level="INFO">Successfully initialized new page object and opened url: https://trade-sticker-dev.vercel.app/</msg>
<msg timestamp="20221001 20:23:07.890" level="INFO">No context was open. New context was automatically opened when this page is created.</msg>
<status status="PASS" starttime="20221001 20:23:06.588" endtime="20221001 20:23:07.890"/>
</kw>
<status status="PASS" starttime="20221001 20:23:06.588" endtime="20221001 20:23:07.890"/>
</kw>
<kw name="Fill Input Password" library="AuthActions">
<arg>${user}</arg>
<kw name="Fill Text" library="Browser">
<arg>${INPUT_PASS}</arg>
<arg>${user}[password]</arg>
<tag>PageContent</tag>
<tag>Setter</tag>
<doc>Clears and fills the given ``txt`` into the text field found by ``selector``.</doc>
<msg timestamp="20221001 20:23:07.903" level="INFO">Fills the text 'abc123' in the given field.</msg>
<status status="PASS" starttime="20221001 20:23:07.890" endtime="20221001 20:23:07.949"/>
</kw>
<status status="PASS" starttime="20221001 20:23:07.890" endtime="20221001 20:23:07.949"/>
</kw>
<kw name="Submit Credentials" library="AuthActions">
<kw name="Click" library="Browser">
<arg>css=button &gt;&gt; text=Entrar</arg>
<tag>PageContent</tag>
<tag>Setter</tag>
<doc>Simulates mouse click on the element found by ``selector``.</doc>
<status status="PASS" starttime="20221001 20:23:07.949" endtime="20221001 20:23:08.010"/>
</kw>
<status status="PASS" starttime="20221001 20:23:07.949" endtime="20221001 20:23:08.010"/>
</kw>
<kw name="Toast Message Should Be" library="AuthActions">
<arg>Por favor, informe o seu email!</arg>
<kw name="Set Variable" library="BuiltIn">
<var>${locator}</var>
<arg>css=.Toastify__toast-body div &gt;&gt; text=${expected_message}</arg>
<doc>Returns the given values which can then be assigned to a variables.</doc>
<msg timestamp="20221001 20:23:08.011" level="INFO">${locator} = css=.Toastify__toast-body div &gt;&gt; text=Por favor, informe o seu email!</msg>
<status status="PASS" starttime="20221001 20:23:08.011" endtime="20221001 20:23:08.011"/>
</kw>
<kw name="Wait For Elements State" library="Browser">
<arg>${locator}</arg>
<arg>visible</arg>
<arg>1</arg>
<tag>PageContent</tag>
<tag>Wait</tag>
<doc>Waits for the element found by ``selector`` to satisfy state option.</doc>
<msg timestamp="20221001 20:23:08.020" level="INFO">Waited for Element with selector css=.Toastify__toast-body div &gt;&gt; text=Por favor, informe o seu email! at state visible</msg>
<status status="PASS" starttime="20221001 20:23:08.011" endtime="20221001 20:23:08.020"/>
</kw>
<status status="PASS" starttime="20221001 20:23:08.010" endtime="20221001 20:23:08.020"/>
</kw>
<kw name="Finish Test" library="main" type="TEARDOWN">
<kw name="Sleep" library="BuiltIn">
<arg>1</arg>
<doc>Pauses the test executed for the given time.</doc>
<msg timestamp="20221001 20:23:09.025" level="INFO">Slept 1 second</msg>
<status status="PASS" starttime="20221001 20:23:08.020" endtime="20221001 20:23:09.025"/>
</kw>
<kw name="Take Screenshot" library="Browser">
<tag>PageContent</tag>
<doc>Takes a screenshot of the current window or element and saves it to disk.</doc>
<msg timestamp="20221001 20:23:09.163" level="INFO" html="true">&lt;/td&gt;&lt;/tr&gt;&lt;tr&gt;&lt;td colspan="3"&gt;&lt;a href="browser/screenshot/robotframework-browser-screenshot-4.png"&gt;&lt;img src="browser/screenshot/robotframework-browser-screenshot-4.png" width="800px"&gt;&lt;/a&gt;</msg>
<status status="PASS" starttime="20221001 20:23:09.025" endtime="20221001 20:23:09.163"/>
</kw>
<status status="PASS" starttime="20221001 20:23:08.020" endtime="20221001 20:23:09.163"/>
</kw>
<status status="PASS" starttime="20221001 20:23:05.369" endtime="20221001 20:23:09.163"/>
</test>
<test id="s1-s1-t5" name="Deve exibir notificacao toaster se email e a senha nao forem preenchidos" line="46">
<kw name="Start Test" library="main" type="SETUP">
<kw name="New Browser" library="Browser">
<arg>headless=False</arg>
<arg>browser=${BROWSER}</arg>
<tag>BrowserControl</tag>
<tag>Setter</tag>
<doc>Create a new playwright Browser with specified options.</doc>
<msg timestamp="20221001 20:23:09.208" level="INFO">{"browser": "firefox", "headless": false, "handleSIGINT": true, "handleSIGTERM": true, "handleSIGHUP": true, "timeout": 30000.0, "devtools": false, "slowMo": 0.0, "tracesDir": "C:\\qaacademy\\vdt2\\trade-sticker\\logs\\browser\\traces\\cdc14dd1-1278-410c-87a1-faa286165b5d"}</msg>
<msg timestamp="20221001 20:23:10.381" level="INFO">Successfully created browser with options: {"browser":"firefox","headless":false,"handleSIGINT":true,"handleSIGTERM":true,"handleSIGHUP":true,"timeout":30000,"devtools":false,"slowMo":0,"tracesDir":"C:\\qaacademy\\vdt2\\trade-sticker\\logs\\browser\\traces\\cdc14dd1-1278-410c-87a1-faa286165b5d"}</msg>
<status status="PASS" starttime="20221001 20:23:09.207" endtime="20221001 20:23:10.381"/>
</kw>
<status status="PASS" starttime="20221001 20:23:09.207" endtime="20221001 20:23:10.381"/>
</kw>
<kw name="Go To Login Page" library="AuthActions">
<kw name="New Page" library="Browser">
<arg>https://trade-sticker-dev.vercel.app/</arg>
<tag>BrowserControl</tag>
<tag>Setter</tag>
<doc>Open a new Page.</doc>
<msg timestamp="20221001 20:23:11.736" level="INFO">Successfully initialized new page object and opened url: https://trade-sticker-dev.vercel.app/</msg>
<msg timestamp="20221001 20:23:11.736" level="INFO">No context was open. New context was automatically opened when this page is created.</msg>
<status status="PASS" starttime="20221001 20:23:10.381" endtime="20221001 20:23:11.736"/>
</kw>
<status status="PASS" starttime="20221001 20:23:10.381" endtime="20221001 20:23:11.736"/>
</kw>
<kw name="Submit Credentials" library="AuthActions">
<kw name="Click" library="Browser">
<arg>css=button &gt;&gt; text=Entrar</arg>
<tag>PageContent</tag>
<tag>Setter</tag>
<doc>Simulates mouse click on the element found by ``selector``.</doc>
<status status="PASS" starttime="20221001 20:23:11.736" endtime="20221001 20:23:11.815"/>
</kw>
<status status="PASS" starttime="20221001 20:23:11.736" endtime="20221001 20:23:11.816"/>
</kw>
<kw name="Toast Message Should Be" library="AuthActions">
<arg>Por favor, informe suas credenciais!</arg>
<kw name="Set Variable" library="BuiltIn">
<var>${locator}</var>
<arg>css=.Toastify__toast-body div &gt;&gt; text=${expected_message}</arg>
<doc>Returns the given values which can then be assigned to a variables.</doc>
<msg timestamp="20221001 20:23:11.817" level="INFO">${locator} = css=.Toastify__toast-body div &gt;&gt; text=Por favor, informe suas credenciais!</msg>
<status status="PASS" starttime="20221001 20:23:11.816" endtime="20221001 20:23:11.817"/>
</kw>
<kw name="Wait For Elements State" library="Browser">
<arg>${locator}</arg>
<arg>visible</arg>
<arg>1</arg>
<tag>PageContent</tag>
<tag>Wait</tag>
<doc>Waits for the element found by ``selector`` to satisfy state option.</doc>
<msg timestamp="20221001 20:23:11.826" level="INFO">Waited for Element with selector css=.Toastify__toast-body div &gt;&gt; text=Por favor, informe suas credenciais! at state visible</msg>
<status status="PASS" starttime="20221001 20:23:11.817" endtime="20221001 20:23:11.826"/>
</kw>
<status status="PASS" starttime="20221001 20:23:11.816" endtime="20221001 20:23:11.826"/>
</kw>
<kw name="Finish Test" library="main" type="TEARDOWN">
<kw name="Sleep" library="BuiltIn">
<arg>1</arg>
<doc>Pauses the test executed for the given time.</doc>
<msg timestamp="20221001 20:23:12.827" level="INFO">Slept 1 second</msg>
<status status="PASS" starttime="20221001 20:23:11.826" endtime="20221001 20:23:12.827"/>
</kw>
<kw name="Take Screenshot" library="Browser">
<tag>PageContent</tag>
<doc>Takes a screenshot of the current window or element and saves it to disk.</doc>
<msg timestamp="20221001 20:23:12.943" level="INFO" html="true">&lt;/td&gt;&lt;/tr&gt;&lt;tr&gt;&lt;td colspan="3"&gt;&lt;a href="browser/screenshot/robotframework-browser-screenshot-5.png"&gt;&lt;img src="browser/screenshot/robotframework-browser-screenshot-5.png" width="800px"&gt;&lt;/a&gt;</msg>
<status status="PASS" starttime="20221001 20:23:12.827" endtime="20221001 20:23:12.943"/>
</kw>
<status status="PASS" starttime="20221001 20:23:11.826" endtime="20221001 20:23:12.943"/>
</kw>
<status status="PASS" starttime="20221001 20:23:09.202" endtime="20221001 20:23:12.943"/>
</test>
<doc>Login Tests</doc>
<status status="PASS" starttime="20221001 20:22:53.178" endtime="20221001 20:23:12.990"/>
</suite>
<suite id="s1-s2" name="Slogan" source="C:\qaacademy\vdt2\trade-sticker\tests\slogan.robot">
<test id="s1-s2-t1" name="Deve validar o slogan da home page" line="8">
<kw name="New Browser" library="Browser">
<arg>headless=False</arg>
<tag>BrowserControl</tag>
<tag>Setter</tag>
<doc>Create a new playwright Browser with specified options.</doc>
<msg timestamp="20221001 20:23:13.007" level="INFO">{"browser": "chromium", "headless": false, "handleSIGINT": true, "handleSIGTERM": true, "handleSIGHUP": true, "timeout": 30000.0, "devtools": false, "slowMo": 0.0, "tracesDir": "C:\\qaacademy\\vdt2\\trade-sticker\\logs\\browser\\traces\\053d22f4-84cf-4d04-b3c2-e4b80b2a00fd"}</msg>
<msg timestamp="20221001 20:23:13.292" level="INFO">Successfully created browser with options: {"browser":"chromium","headless":false,"handleSIGINT":true,"handleSIGTERM":true,"handleSIGHUP":true,"timeout":30000,"devtools":false,"slowMo":0,"tracesDir":"C:\\qaacademy\\vdt2\\trade-sticker\\logs\\browser\\traces\\053d22f4-84cf-4d04-b3c2-e4b80b2a00fd"}</msg>
<status status="PASS" starttime="20221001 20:23:13.007" endtime="20221001 20:23:13.292"/>
</kw>
<kw name="New Page" library="Browser">
<arg>https://trade-sticker-dev.vercel.app/</arg>
<tag>BrowserControl</tag>
<tag>Setter</tag>
<doc>Open a new Page.</doc>
<msg timestamp="20221001 20:23:13.837" level="INFO">Successfully initialized new page object and opened url: https://trade-sticker-dev.vercel.app/</msg>
<msg timestamp="20221001 20:23:13.837" level="INFO">No context was open. New context was automatically opened when this page is created.</msg>
<status status="PASS" starttime="20221001 20:23:13.293" endtime="20221001 20:23:13.838"/>
</kw>
<kw name="Get Text" library="Browser">
<arg>.logo-container h2</arg>
<arg>contains</arg>
<arg>${slogan}</arg>
<tag>Assertion</tag>
<tag>Getter</tag>
<tag>PageContent</tag>
<doc>Returns text attribute of the element found by ``selector``.</doc>
<status status="PASS" starttime="20221001 20:23:13.839" endtime="20221001 20:23:13.894"/>
</kw>
<kw name="Take Screenshot" library="Browser">
<tag>PageContent</tag>
<doc>Takes a screenshot of the current window or element and saves it to disk.</doc>
<msg timestamp="20221001 20:23:14.414" level="INFO" html="true">&lt;/td&gt;&lt;/tr&gt;&lt;tr&gt;&lt;td colspan="3"&gt;&lt;a href="browser/screenshot/robotframework-browser-screenshot-6.png"&gt;&lt;img src="browser/screenshot/robotframework-browser-screenshot-6.png" width="800px"&gt;&lt;/a&gt;</msg>
<status status="PASS" starttime="20221001 20:23:13.895" endtime="20221001 20:23:14.414"/>
</kw>
<status status="PASS" starttime="20221001 20:23:13.003" endtime="20221001 20:23:14.415"/>
</test>
<status status="PASS" starttime="20221001 20:23:12.994" endtime="20221001 20:23:14.451"/>
</suite>
<suite id="s1-s3" name="Trade" source="C:\qaacademy\vdt2\trade-sticker\tests\trade.robot">
<test id="s1-s3-t1" name="Deve negociar a figurinha Neymar Legend" line="10">
<kw name="Start Test" library="main" type="SETUP">
<kw name="New Browser" library="Browser">
<arg>headless=False</arg>
<arg>browser=${BROWSER}</arg>
<tag>BrowserControl</tag>
<tag>Setter</tag>
<doc>Create a new playwright Browser with specified options.</doc>
<msg timestamp="20221001 20:23:14.468" level="INFO">{"browser": "firefox", "headless": false, "handleSIGINT": true, "handleSIGTERM": true, "handleSIGHUP": true, "timeout": 30000.0, "devtools": false, "slowMo": 0.0, "tracesDir": "C:\\qaacademy\\vdt2\\trade-sticker\\logs\\browser\\traces\\06ad305b-221c-45fd-93a2-66a8517154b4"}</msg>
<msg timestamp="20221001 20:23:15.650" level="INFO">Successfully created browser with options: {"browser":"firefox","headless":false,"handleSIGINT":true,"handleSIGTERM":true,"handleSIGHUP":true,"timeout":30000,"devtools":false,"slowMo":0,"tracesDir":"C:\\qaacademy\\vdt2\\trade-sticker\\logs\\browser\\traces\\06ad305b-221c-45fd-93a2-66a8517154b4"}</msg>
<status status="PASS" starttime="20221001 20:23:14.468" endtime="20221001 20:23:15.666"/>
</kw>
<status status="PASS" starttime="20221001 20:23:14.467" endtime="20221001 20:23:15.666"/>
</kw>
<kw name="Do Login" library="main">
<kw name="Create Dictionary" library="BuiltIn">
<var>${user}</var>
<arg>email=papito@gmail.com</arg>
<arg>password=vaibrasil</arg>
<doc>Creates and returns a dictionary based on the given ``items``.</doc>
<msg timestamp="20221001 20:23:15.668" level="INFO">${user} = {'email': 'papito@gmail.com', 'password': 'vaibrasil'}</msg>
<status status="PASS" starttime="20221001 20:23:15.666" endtime="20221001 20:23:15.668"/>
</kw>
<kw name="Go To Login Page" library="AuthActions">
<kw name="New Page" library="Browser">
<arg>https://trade-sticker-dev.vercel.app/</arg>
<tag>BrowserControl</tag>
<tag>Setter</tag>
<doc>Open a new Page.</doc>
<msg timestamp="20221001 20:23:17.069" level="INFO">Successfully initialized new page object and opened url: https://trade-sticker-dev.vercel.app/</msg>
<msg timestamp="20221001 20:23:17.084" level="INFO">No context was open. New context was automatically opened when this page is created.</msg>
<status status="PASS" starttime="20221001 20:23:15.668" endtime="20221001 20:23:17.084"/>
</kw>
<status status="PASS" starttime="20221001 20:23:15.668" endtime="20221001 20:23:17.084"/>
</kw>
<kw name="Fill Credentials" library="AuthActions">
<arg>${user}</arg>
<kw name="Fill Input Email" library="AuthActions">
<arg>${user}</arg>
<kw name="Fill Text" library="Browser">
<arg>${INPUT_EMAIL}</arg>
<arg>${user}[email]</arg>
<tag>PageContent</tag>
<tag>Setter</tag>
<doc>Clears and fills the given ``txt`` into the text field found by ``selector``.</doc>
<msg timestamp="20221001 20:23:17.084" level="INFO">Fills the text 'papito@gmail.com' in the given field.</msg>
<status status="PASS" starttime="20221001 20:23:17.084" endtime="20221001 20:23:17.122"/>
</kw>
<status status="PASS" starttime="20221001 20:23:17.084" endtime="20221001 20:23:17.122"/>
</kw>
<kw name="Fill Input Password" library="AuthActions">
<arg>${user}</arg>
<kw name="Fill Text" library="Browser">
<arg>${INPUT_PASS}</arg>
<arg>${user}[password]</arg>
<tag>PageContent</tag>
<tag>Setter</tag>
<doc>Clears and fills the given ``txt`` into the text field found by ``selector``.</doc>
<msg timestamp="20221001 20:23:17.122" level="INFO">Fills the text 'vaibrasil' in the given field.</msg>
<status status="PASS" starttime="20221001 20:23:17.122" endtime="20221001 20:23:17.138"/>
</kw>
<status status="PASS" starttime="20221001 20:23:17.122" endtime="20221001 20:23:17.138"/>
</kw>
<status status="PASS" starttime="20221001 20:23:17.084" endtime="20221001 20:23:17.138"/>
</kw>
<kw name="Submit Credentials" library="AuthActions">
<kw name="Click" library="Browser">
<arg>css=button &gt;&gt; text=Entrar</arg>
<tag>PageContent</tag>
<tag>Setter</tag>
<doc>Simulates mouse click on the element found by ``selector``.</doc>
<status status="PASS" starttime="20221001 20:23:17.138" endtime="20221001 20:23:17.200"/>
</kw>
<status status="PASS" starttime="20221001 20:23:17.138" endtime="20221001 20:23:17.200"/>
</kw>
<kw name="User Logged In" library="dash">
<kw name="Set Variable" library="BuiltIn">
<var>${header_title}</var>
<arg>Aquela figurinha incrível a um clique de distância.</arg>
<doc>Returns the given values which can then be assigned to a variables.</doc>
<msg timestamp="20221001 20:23:17.200" level="INFO">${header_title} = Aquela figurinha incrível a um clique de distância.</msg>
<status status="PASS" starttime="20221001 20:23:17.200" endtime="20221001 20:23:17.200"/>
</kw>
<kw name="Get Text" library="Browser">
<arg>css=.header-content strong</arg>
<arg>equal</arg>
<arg>${header_title}</arg>
<tag>Assertion</tag>
<tag>Getter</tag>
<tag>PageContent</tag>
<doc>Returns text attribute of the element found by ``selector``.</doc>
<status status="PASS" starttime="20221001 20:23:17.200" endtime="20221001 20:23:17.222"/>
</kw>
<status status="PASS" starttime="20221001 20:23:17.200" endtime="20221001 20:23:17.222"/>
</kw>
<status status="PASS" starttime="20221001 20:23:15.666" endtime="20221001 20:23:17.222"/>
</kw>
<kw name="Search User" library="dash">
<arg>Legend</arg>
<kw name="Fill Text" library="Browser">
<arg>css=input[placeholder^=Busque]</arg>
<arg>${target}</arg>
<tag>PageContent</tag>
<tag>Setter</tag>
<doc>Clears and fills the given ``txt`` into the text field found by ``selector``.</doc>
<msg timestamp="20221001 20:23:17.222" level="INFO">Fills the text 'Legend' in the given field.</msg>
<status status="PASS" starttime="20221001 20:23:17.222" endtime="20221001 20:23:17.253"/>
</kw>
<kw name="Click" library="Browser">
<arg>css=button &gt;&gt; text=Buscar</arg>
<tag>PageContent</tag>
<tag>Setter</tag>
<doc>Simulates mouse click on the element found by ``selector``.</doc>
<status status="PASS" starttime="20221001 20:23:17.253" endtime="20221001 20:23:17.296"/>
</kw>
<status status="PASS" starttime="20221001 20:23:17.222" endtime="20221001 20:23:17.297"/>
</kw>
<kw name="Select sticker" library="dash">
<arg>Neymar Jr</arg>
<kw name="Click" library="Browser">
<arg>xpath=//img[@alt="${name}"]/..</arg>
<tag>PageContent</tag>
<tag>Setter</tag>
<doc>Simulates mouse click on the element found by ``selector``.</doc>
<status status="PASS" starttime="20221001 20:23:17.297" endtime="20221001 20:23:17.747"/>
</kw>
<status status="PASS" starttime="20221001 20:23:17.297" endtime="20221001 20:23:17.747"/>
</kw>
<kw name="Get In Touch" library="dash">
<kw name="Click" library="Browser">
<arg>css=button &gt;&gt; text=Entrar em contato</arg>
<tag>PageContent</tag>
<tag>Setter</tag>
<doc>Simulates mouse click on the element found by ``selector``.</doc>
<status status="PASS" starttime="20221001 20:23:17.747" endtime="20221001 20:23:17.823"/>
</kw>
<status status="PASS" starttime="20221001 20:23:17.747" endtime="20221001 20:23:17.823"/>
</kw>
<kw name="Whatsapp Sticker Message" library="dash">
<arg>Neymar Jr</arg>
<kw name="Set Variable" library="BuiltIn">
<var>${expected_message}</var>
<arg>Oi, achei o seu contato no Trade Sticker. Estou interessado(a) na figurinha do ${Sticker_name}, bora negociar?</arg>
<doc>Returns the given values which can then be assigned to a variables.</doc>
<msg timestamp="20221001 20:23:17.824" level="INFO">${expected_message} = Oi, achei o seu contato no Trade Sticker. Estou interessado(a) na figurinha do Neymar Jr, bora negociar?</msg>
<status status="PASS" starttime="20221001 20:23:17.823" endtime="20221001 20:23:17.824"/>
</kw>
<kw name="Switch Page" library="Browser">
<arg>NEW</arg>
<tag>BrowserControl</tag>
<tag>Setter</tag>
<doc>Switches the active browser page to another open page by ``id`` or ``NEW``.</doc>
<msg timestamp="20221001 20:23:18.394" level="INFO">Activated new page page=bb8aaa54-fb73-4088-9bd0-43281351a523</msg>
<status status="PASS" starttime="20221001 20:23:17.824" endtime="20221001 20:23:18.394"/>
</kw>
<kw name="Wait For Elements State" library="Browser">
<arg>css=p &gt;&gt; text=${expected_message}</arg>
<arg>visible</arg>
<arg>5000</arg>
<tag>PageContent</tag>
<tag>Wait</tag>
<doc>Waits for the element found by ``selector`` to satisfy state option.</doc>
<msg timestamp="20221001 20:23:18.558" level="INFO">Waited for Element with selector css=p &gt;&gt; text=Oi, achei o seu contato no Trade Sticker. Estou interessado(a) na figurinha do Neymar Jr, bora negociar? at state visible</msg>
<status status="PASS" starttime="20221001 20:23:18.394" endtime="20221001 20:23:18.558"/>
</kw>
<status status="PASS" starttime="20221001 20:23:17.823" endtime="20221001 20:23:18.558"/>
</kw>
<kw name="Finish Test" library="main" type="TEARDOWN">
<kw name="Sleep" library="BuiltIn">
<arg>1</arg>
<doc>Pauses the test executed for the given time.</doc>
<msg timestamp="20221001 20:23:19.573" level="INFO">Slept 1 second</msg>
<status status="PASS" starttime="20221001 20:23:18.558" endtime="20221001 20:23:19.573"/>
</kw>
<kw name="Take Screenshot" library="Browser">
<tag>PageContent</tag>
<doc>Takes a screenshot of the current window or element and saves it to disk.</doc>
<msg timestamp="20221001 20:23:19.610" level="INFO" html="true">&lt;/td&gt;&lt;/tr&gt;&lt;tr&gt;&lt;td colspan="3"&gt;&lt;a href="browser/screenshot/robotframework-browser-screenshot-7.png"&gt;&lt;img src="browser/screenshot/robotframework-browser-screenshot-7.png" width="800px"&gt;&lt;/a&gt;</msg>
<status status="PASS" starttime="20221001 20:23:19.573" endtime="20221001 20:23:19.610"/>
</kw>
<status status="PASS" starttime="20221001 20:23:18.558" endtime="20221001 20:23:19.610"/>
</kw>
<status status="PASS" starttime="20221001 20:23:14.464" endtime="20221001 20:23:19.611"/>
</test>
<doc>Teste de negociação de figurinhas da copa</doc>
<status status="PASS" starttime="20221001 20:23:14.456" endtime="20221001 20:23:19.645"/>
</suite>
<status status="PASS" starttime="20221001 20:22:53.161" endtime="20221001 20:23:19.649"/>
</suite>
<statistics>
<total>
<stat pass="7" fail="0" skip="0">All Tests</stat>
</total>
<tag>
</tag>
<suite>
<stat pass="7" fail="0" skip="0" id="s1" name="Tests">Tests</stat>
<stat pass="5" fail="0" skip="0" id="s1-s1" name="Login">Tests.Login</stat>
<stat pass="1" fail="0" skip="0" id="s1-s2" name="Slogan">Tests.Slogan</stat>
<stat pass="1" fail="0" skip="0" id="s1-s3" name="Trade">Tests.Trade</stat>
</suite>
</statistics>
<errors>
</errors>
</robot>
